<?xml version="1.0" encoding="UTF-8"?>
<!-- Generated by org.testng.reporters.JUnitXMLReporter -->
<testsuite ignored="0" hostname="Mohona2" failures="1" tests="5" name="Geico Application Test" time="49.005" errors="0" timestamp="2020-02-11T18:42:26 EST">
  <testcase classname="com.geico.qa.testcases.LandingPageTest" name="verifyLandingPageTitleTest" time="0.057"/>
  <testcase classname="com.geico.qa.testcases.LandingPageTest" name="verifySection1HeaderTextTest" time="0.497"/>
  <testcase classname="com.geico.qa.testcases.LandingPageTest" name="verifyAutoTextBoxOptionTest" time="0.209"/>
  <testcase classname="com.geico.qa.testcases.LandingPageTest" name="verifyEnterZipCodeTest" time="0.168"/>
  <testcase classname="com.geico.qa.testcases.LandingPageTest" name="verifyStartQuoteTest" time="3.817">
    <failure type="java.lang.AssertionError" message="PopUp text is not matching expected [How can GEICO help you today?] but found []">
      <![CDATA[java.lang.AssertionError: PopUp text is not matching expected [How can GEICO help you today?] but found []
at com.geico.qa.testcases.LandingPageTest.verifyStartQuoteTest(LandingPageTest.java:94)
at java.base/java.util.ArrayList.forEach(ArrayList.java:1507)
... Removed 31 stack frames]]>
    </failure>
  </testcase> <!-- verifyStartQuoteTest -->
</testsuite> <!-- Geico Application Test -->
